<?xml version="1.0" encoding="UTF-8"?>
<testsuite xmlns:xsi="http://www.w3.org/2001/XMLSchema-instance" xsi:noNamespaceSchemaLocation="https://maven.apache.org/surefire/maven-surefire-plugin/xsd/surefire-test-report.xsd" name="org.example.StudentTest" time="0.191" tests="4" errors="0" skipped="0" failures="0">
  <properties>
[...]
</properties>
  <testcase name="addStudent_EmptyId_ThrowError" classname="org.example.StudentTest" time="0.093"/>
  <testcase name="addStudent_NullId_ThrowError" classname="org.example.StudentTest" time="0.003"/>
  <testcase name="addStudent_DuplicateId_ThrowError" classname="org.example.StudentTest" time="0.001"/>
  <testcase name="addStudent_ValidData_CreatedSuccessfully" classname="org.example.StudentTest" time="0"/>
</testsuite>